# JRE version: Java(TM) SE Runtime Environment (17.0.10+11) (build 17.0.10+11-LTS-240)
# Java VM: Java HotSpot(TM) 64-Bit Server VM (17.0.10+11-LTS-240, mixed mode, emulated-client, sharing, tiered, compressed oops, compressed class ptrs, g1 gc, windows-amd64)
GC Precious Log:
 CPUs: 12 total, 12 available
 Memory: 16233M
 Large Page Support: Disabled
 NUMA Support: Disabled
 Compressed Oops: Enabled (Zero based)
 Heap Region Size: 2M
 Heap Min Capacity: 8M
 Heap Initial Capacity: 254M
 Heap Max Capacity: 4060M
 Pre-touch: Disabled
 Parallel Workers: 10
 Concurrent Workers: 3
 Concurrent Refinement Workers: 10
 Periodic GC: Disabled
Heap:
 garbage-first heap   total 315392K, used 165740K [0x0000000702400000, 0x0000000800000000)
  region size 2048K, 59 young (120832K), 3 survivors (6144K)
 Metaspace       used 77517K, committed 78144K, reserved 1179648K
  class space    used 11011K, committed 11328K, reserved 1048576K
GC Heap History (20 events):
Event: 4.058 GC heap before
{Heap before GC invocations=11 (full 0):
 garbage-first heap   total 81920K, used 25431K [0x0000000702400000, 0x0000000800000000)
  region size 2048K, 4 young (8192K), 3 survivors (6144K)
 Metaspace       used 44406K, committed 44736K, reserved 1114112K
  class space    used 6389K, committed 6528K, reserved 1048576K
}
Event: 4.061 GC heap after
{Heap after GC invocations=12 (full 0):
 garbage-first heap   total 81920K, used 23727K [0x0000000702400000, 0x0000000800000000)
  region size 2048K, 1 young (2048K), 1 survivors (2048K)
 Metaspace       used 44406K, committed 44736K, reserved 1114112K
  class space    used 6389K, committed 6528K, reserved 1048576K
}
Event: 4.665 GC heap before
{Heap before GC invocations=12 (full 0):
 garbage-first heap   total 81920K, used 60591K [0x0000000702400000, 0x0000000800000000)
  region size 2048K, 19 young (38912K), 1 survivors (2048K)
 Metaspace       used 48939K, committed 49344K, reserved 1114112K
  class space    used 7044K, committed 7232K, reserved 1048576K
}
Event: 4.667 GC heap after
{Heap after GC invocations=13 (full 0):
 garbage-first heap   total 81920K, used 25841K [0x0000000702400000, 0x0000000800000000)
  region size 2048K, 2 young (4096K), 2 survivors (4096K)
 Metaspace       used 48939K, committed 49344K, reserved 1114112K
  class space    used 7044K, committed 7232K, reserved 1048576K
}
Event: 5.086 GC heap before
{Heap before GC invocations=13 (full 0):
 garbage-first heap   total 81920K, used 60657K [0x0000000702400000, 0x0000000800000000)
  region size 2048K, 19 young (38912K), 2 survivors (4096K)
 Metaspace       used 54645K, committed 55104K, reserved 1114112K
  class space    used 7904K, committed 8128K, reserved 1048576K
}
Event: 5.091 GC heap after
{Heap after GC invocations=14 (full 0):
 garbage-first heap   total 81920K, used 28632K [0x0000000702400000, 0x0000000800000000)
  region size 2048K, 3 young (6144K), 3 survivors (6144K)
 Metaspace       used 54645K, committed 55104K, reserved 1114112K
  class space    used 7904K, committed 8128K, reserved 1048576K
}
Event: 5.418 GC heap before
{Heap before GC invocations=14 (full 0):
 garbage-first heap   total 81920K, used 57304K [0x0000000702400000, 0x0000000800000000)
  region size 2048K, 18 young (36864K), 3 survivors (6144K)
 Metaspace       used 59882K, committed 60288K, reserved 1114112K
  class space    used 8577K, committed 8768K, reserved 1048576K
}
Event: 5.425 GC heap after
{Heap after GC invocations=15 (full 0):
 garbage-first heap   total 81920K, used 32103K [0x0000000702400000, 0x0000000800000000)
  region size 2048K, 3 young (6144K), 3 survivors (6144K)
 Metaspace       used 59882K, committed 60288K, reserved 1114112K
  class space    used 8577K, committed 8768K, reserved 1048576K
}
Event: 5.864 GC heap before
{Heap before GC invocations=16 (full 0):
 garbage-first heap   total 81920K, used 60775K [0x0000000702400000, 0x0000000800000000)
  region size 2048K, 18 young (36864K), 3 survivors (6144K)
 Metaspace       used 64141K, committed 64704K, reserved 1114112K
  class space    used 9203K, committed 9472K, reserved 1048576K
}
Event: 5.874 GC heap after
{Heap after GC invocations=17 (full 0):
 garbage-first heap   total 120832K, used 35404K [0x0000000702400000, 0x0000000800000000)
  region size 2048K, 2 young (4096K), 2 survivors (4096K)
 Metaspace       used 64141K, committed 64704K, reserved 1114112K
  class space    used 9203K, committed 9472K, reserved 1048576K
}
Event: 5.877 GC heap before
{Heap before GC invocations=17 (full 0):
 garbage-first heap   total 120832K, used 37452K [0x0000000702400000, 0x0000000800000000)
  region size 2048K, 3 young (6144K), 2 survivors (4096K)
 Metaspace       used 64146K, committed 64704K, reserved 1114112K
  class space    used 9205K, committed 9472K, reserved 1048576K
}
Event: 5.880 GC heap after
{Heap after GC invocations=18 (full 0):
 garbage-first heap   total 120832K, used 35909K [0x0000000702400000, 0x0000000800000000)
  region size 2048K, 1 young (2048K), 1 survivors (2048K)
 Metaspace       used 64146K, committed 64704K, reserved 1114112K
  class space    used 9205K, committed 9472K, reserved 1048576K
}
Event: 6.010 GC heap before
{Heap before GC invocations=18 (full 0):
 garbage-first heap   total 120832K, used 89157K [0x0000000702400000, 0x0000000800000000)
  region size 2048K, 28 young (57344K), 1 survivors (2048K)
 Metaspace       used 64224K, committed 64768K, reserved 1114112K
  class space    used 9215K, committed 9472K, reserved 1048576K
}
Event: 6.015 GC heap after
{Heap after GC invocations=19 (full 0):
 garbage-first heap   total 120832K, used 48707K [0x0000000702400000, 0x0000000800000000)
  region size 2048K, 4 young (8192K), 4 survivors (8192K)
 Metaspace       used 64224K, committed 64768K, reserved 1114112K
  class space    used 9215K, committed 9472K, reserved 1048576K
}
Event: 6.124 GC heap before
{Heap before GC invocations=20 (full 0):
 garbage-first heap   total 133120K, used 87619K [0x0000000702400000, 0x0000000800000000)
  region size 2048K, 24 young (49152K), 4 survivors (8192K)
 Metaspace       used 64255K, committed 64768K, reserved 1114112K
  class space    used 9215K, committed 9472K, reserved 1048576K
}
Event: 6.128 GC heap after
{Heap after GC invocations=21 (full 0):
 garbage-first heap   total 133120K, used 50511K [0x0000000702400000, 0x0000000800000000)
  region size 2048K, 2 young (4096K), 2 survivors (4096K)
 Metaspace       used 64255K, committed 64768K, reserved 1114112K
  class space    used 9215K, committed 9472K, reserved 1048576K
}
Event: 6.151 GC heap before
{Heap before GC invocations=21 (full 0):
 garbage-first heap   total 133120K, used 52559K [0x0000000702400000, 0x0000000800000000)
  region size 2048K, 3 young (6144K), 2 survivors (4096K)
 Metaspace       used 64463K, committed 64960K, reserved 1114112K
  class space    used 9248K, committed 9472K, reserved 1048576K
}
Event: 6.153 GC heap after
{Heap after GC invocations=22 (full 0):
 garbage-first heap   total 133120K, used 50580K [0x0000000702400000, 0x0000000800000000)
  region size 2048K, 1 young (2048K), 1 survivors (2048K)
 Metaspace       used 64463K, committed 64960K, reserved 1114112K
  class space    used 9248K, committed 9472K, reserved 1048576K
}
Event: 20.667 GC heap before
{Heap before GC invocations=22 (full 0):
 garbage-first heap   total 133120K, used 95636K [0x0000000702400000, 0x0000000800000000)
  region size 2048K, 24 young (49152K), 1 survivors (2048K)
 Metaspace       used 73090K, committed 73664K, reserved 1114112K
  class space    used 10341K, committed 10624K, reserved 1048576K
}
Event: 20.677 GC heap after
{Heap after GC invocations=23 (full 0):
 garbage-first heap   total 315392K, used 55148K [0x0000000702400000, 0x0000000800000000)
  region size 2048K, 3 young (6144K), 3 survivors (6144K)
 Metaspace       used 73090K, committed 73664K, reserved 1114112K
  class space    used 10341K, committed 10624K, reserved 1048576K
}

