# JRE version: Java(TM) SE Runtime Environment 18.9 (11.0.21+9) (build 11.0.21+9-LTS-193)
# Java VM: Java HotSpot(TM) 64-Bit Server VM 18.9 (11.0.21+9-LTS-193, mixed mode, tiered, compressed oops, g1 gc, windows-amd64)
Heap:
 garbage-first heap   total 348160K, used 277110K [0x0000000082800000, 0x0000000100000000)
  region size 1024K, 61 young (62464K), 8 survivors (8192K)
 Metaspace       used 124237K, capacity 130459K, committed 130816K, reserved 1163264K
  class space    used 15357K, capacity 17539K, committed 17664K, reserved 1048576K
GC Heap History (10 events):
Event: 20730.552 GC heap before
{Heap before GC invocations=442 (full 26):
 garbage-first heap   total 339968K, used 289355K [0x0000000082800000, 0x0000000100000000)
  region size 1024K, 78 young (79872K), 4 survivors (4096K)
 Metaspace       used 122599K, capacity 128422K, committed 129024K, reserved 1161216K
  class space    used 15162K, capacity 17226K, committed 17408K, reserved 1048576K
}
Event: 20730.625 GC heap after
{Heap after GC invocations=443 (full 26):
 garbage-first heap   total 339968K, used 213601K [0x0000000082800000, 0x0000000100000000)
  region size 1024K, 4 young (4096K), 4 survivors (4096K)
 Metaspace       used 122599K, capacity 128422K, committed 129024K, reserved 1161216K
  class space    used 15162K, capacity 17226K, committed 17408K, reserved 1048576K
}
Event: 20819.355 GC heap before
{Heap before GC invocations=444 (full 26):
 garbage-first heap   total 339968K, used 267873K [0x0000000082800000, 0x0000000100000000)
  region size 1024K, 58 young (59392K), 4 survivors (4096K)
 Metaspace       used 122619K, capacity 128455K, committed 129024K, reserved 1161216K
  class space    used 15166K, capacity 17235K, committed 17408K, reserved 1048576K
}
Event: 20820.261 GC heap after
{Heap after GC invocations=445 (full 27):
 garbage-first heap   total 348160K, used 206643K [0x0000000082800000, 0x0000000100000000)
  region size 1024K, 0 young (0K), 0 survivors (0K)
 Metaspace       used 122619K, capacity 128455K, committed 129024K, reserved 1161216K
  class space    used 15166K, capacity 17235K, committed 17408K, reserved 1048576K
}
Event: 20821.210 GC heap before
{Heap before GC invocations=445 (full 27):
 garbage-first heap   total 348160K, used 290611K [0x0000000082800000, 0x0000000100000000)
  region size 1024K, 83 young (84992K), 0 survivors (0K)
 Metaspace       used 122891K, capacity 128767K, committed 129280K, reserved 1161216K
  class space    used 15198K, capacity 17275K, committed 17408K, reserved 1048576K
}
Event: 20821.218 GC heap after
{Heap after GC invocations=446 (full 27):
 garbage-first heap   total 348160K, used 211740K [0x0000000082800000, 0x0000000100000000)
  region size 1024K, 5 young (5120K), 5 survivors (5120K)
 Metaspace       used 122891K, capacity 128767K, committed 129280K, reserved 1161216K
  class space    used 15198K, capacity 17275K, committed 17408K, reserved 1048576K
}
Event: 20822.176 GC heap before
{Heap before GC invocations=447 (full 27):
 garbage-first heap   total 348160K, used 289564K [0x0000000082800000, 0x0000000100000000)
  region size 1024K, 82 young (83968K), 5 survivors (5120K)
 Metaspace       used 123789K, capacity 129837K, committed 130176K, reserved 1161216K
  class space    used 15288K, capacity 17426K, committed 17536K, reserved 1048576K
}
Event: 20822.184 GC heap after
{Heap after GC invocations=448 (full 27):
 garbage-first heap   total 348160K, used 217210K [0x0000000082800000, 0x0000000100000000)
  region size 1024K, 11 young (11264K), 11 survivors (11264K)
 Metaspace       used 123789K, capacity 129837K, committed 130176K, reserved 1161216K
  class space    used 15288K, capacity 17426K, committed 17536K, reserved 1048576K
}
Event: 20822.292 GC heap before
{Heap before GC invocations=448 (full 27):
 garbage-first heap   total 348160K, used 297082K [0x0000000082800000, 0x0000000100000000)
  region size 1024K, 88 young (90112K), 11 survivors (11264K)
 Metaspace       used 123789K, capacity 129837K, committed 130176K, reserved 1161216K
  class space    used 15288K, capacity 17426K, committed 17536K, reserved 1048576K
}
Event: 20822.321 GC heap after
{Heap after GC invocations=449 (full 27):
 garbage-first heap   total 348160K, used 223862K [0x0000000082800000, 0x0000000100000000)
  region size 1024K, 8 young (8192K), 8 survivors (8192K)
 Metaspace       used 123789K, capacity 129837K, committed 130176K, reserved 1161216K
  class space    used 15288K, capacity 17426K, committed 17536K, reserved 1048576K
}

