# JRE version: Java(TM) SE Runtime Environment 18.9 (11.0.21+9) (build 11.0.21+9-LTS-193)
# Java VM: Java HotSpot(TM) 64-Bit Server VM 18.9 (11.0.21+9-LTS-193, mixed mode, tiered, compressed oops, g1 gc, windows-amd64)
Heap:
 garbage-first heap   total 164864K, used 104426K [0x0000000082800000, 0x0000000100000000)
  region size 1024K, 18 young (18432K), 4 survivors (4096K)
 Metaspace       used 96003K, capacity 99640K, committed 99968K, reserved 1134592K
  class space    used 12795K, capacity 14110K, committed 14208K, reserved 1048576K
GC Heap History (10 events):
Event: 3205.271 GC heap before
{Heap before GC invocations=98 (full 5):
 garbage-first heap   total 164864K, used 113869K [0x0000000082800000, 0x0000000100000000)
  region size 1024K, 47 young (48128K), 5 survivors (5120K)
 Metaspace       used 95304K, capacity 98949K, committed 99072K, reserved 1134592K
  class space    used 12737K, capacity 14047K, committed 14080K, reserved 1048576K
}
Event: 3205.278 GC heap after
{Heap after GC invocations=99 (full 5):
 garbage-first heap   total 164864K, used 73631K [0x0000000082800000, 0x0000000100000000)
  region size 1024K, 6 young (6144K), 6 survivors (6144K)
 Metaspace       used 95304K, capacity 98949K, committed 99072K, reserved 1134592K
  class space    used 12737K, capacity 14047K, committed 14080K, reserved 1048576K
}
Event: 3205.571 GC heap before
{Heap before GC invocations=100 (full 5):
 garbage-first heap   total 164864K, used 115615K [0x0000000082800000, 0x0000000100000000)
  region size 1024K, 49 young (50176K), 6 survivors (6144K)
 Metaspace       used 95699K, capacity 99361K, committed 99712K, reserved 1134592K
  class space    used 12764K, capacity 14091K, committed 14208K, reserved 1048576K
}
Event: 3205.579 GC heap after
{Heap after GC invocations=101 (full 5):
 garbage-first heap   total 164864K, used 77802K [0x0000000082800000, 0x0000000100000000)
  region size 1024K, 7 young (7168K), 7 survivors (7168K)
 Metaspace       used 95699K, capacity 99361K, committed 99712K, reserved 1134592K
  class space    used 12764K, capacity 14091K, committed 14208K, reserved 1048576K
}
Event: 3205.661 GC heap before
{Heap before GC invocations=101 (full 5):
 garbage-first heap   total 164864K, used 121834K [0x0000000082800000, 0x0000000100000000)
  region size 1024K, 51 young (52224K), 7 survivors (7168K)
 Metaspace       used 95699K, capacity 99361K, committed 99712K, reserved 1134592K
  class space    used 12764K, capacity 14091K, committed 14208K, reserved 1048576K
}
Event: 3205.667 GC heap after
{Heap after GC invocations=102 (full 5):
 garbage-first heap   total 164864K, used 77550K [0x0000000082800000, 0x0000000100000000)
  region size 1024K, 2 young (2048K), 2 survivors (2048K)
 Metaspace       used 95699K, capacity 99361K, committed 99712K, reserved 1134592K
  class space    used 12764K, capacity 14091K, committed 14208K, reserved 1048576K
}
Event: 3205.734 GC heap before
{Heap before GC invocations=102 (full 5):
 garbage-first heap   total 164864K, used 123630K [0x0000000082800000, 0x0000000100000000)
  region size 1024K, 47 young (48128K), 2 survivors (2048K)
 Metaspace       used 95699K, capacity 99361K, committed 99712K, reserved 1134592K
  class space    used 12764K, capacity 14091K, committed 14208K, reserved 1048576K
}
Event: 3205.741 GC heap after
{Heap after GC invocations=103 (full 5):
 garbage-first heap   total 164864K, used 87855K [0x0000000082800000, 0x0000000100000000)
  region size 1024K, 6 young (6144K), 6 survivors (6144K)
 Metaspace       used 95699K, capacity 99361K, committed 99712K, reserved 1134592K
  class space    used 12764K, capacity 14091K, committed 14208K, reserved 1048576K
}
Event: 3206.054 GC heap before
{Heap before GC invocations=104 (full 5):
 garbage-first heap   total 164864K, used 125743K [0x0000000082800000, 0x0000000100000000)
  region size 1024K, 43 young (44032K), 6 survivors (6144K)
 Metaspace       used 95936K, capacity 99607K, committed 99968K, reserved 1134592K
  class space    used 12781K, capacity 14101K, committed 14208K, reserved 1048576K
}
Event: 3206.061 GC heap after
{Heap after GC invocations=105 (full 5):
 garbage-first heap   total 164864K, used 91114K [0x0000000082800000, 0x0000000100000000)
  region size 1024K, 4 young (4096K), 4 survivors (4096K)
 Metaspace       used 95936K, capacity 99607K, committed 99968K, reserved 1134592K
  class space    used 12781K, capacity 14101K, committed 14208K, reserved 1048576K
}

